0 info it worked if it ends with ok
1 verbose cli [ 'C:\\Program Files\\nodejs\\\\node.exe',
1 verbose cli   'C:\\Program Files\\nodejs\\node_modules\\npm\\bin\\npm-cli.js',
1 verbose cli   'install',
1 verbose cli   'socket-io',
1 verbose cli   '--save' ]
2 info using npm@1.4.28
3 info using node@v0.10.36
4 verbose node symlink C:\Program Files\nodejs\\node.exe
5 warn package.json YouTubeTutorials@1.0.0 No repository field.
6 warn package.json YouTubeTutorials@1.0.0 No README data
7 verbose readDependencies using package.json deps
8 verbose cache add [ 'socket-io', null ]
9 verbose cache add name=undefined spec="socket-io" args=["socket-io",null]
10 verbose parsed url { protocol: null,
10 verbose parsed url   slashes: null,
10 verbose parsed url   auth: null,
10 verbose parsed url   host: null,
10 verbose parsed url   port: null,
10 verbose parsed url   hostname: null,
10 verbose parsed url   hash: null,
10 verbose parsed url   search: null,
10 verbose parsed url   query: null,
10 verbose parsed url   pathname: 'socket-io',
10 verbose parsed url   path: 'socket-io',
10 verbose parsed url   href: 'socket-io' }
11 silly lockFile 2c2f14e9-socket-io socket-io
12 verbose lock socket-io C:\Users\Brent\AppData\Roaming\npm-cache\2c2f14e9-socket-io.lock
13 silly lockFile 2c2f14e9-socket-io socket-io
14 silly lockFile 2c2f14e9-socket-io socket-io
15 verbose addNamed [ 'socket-io', '' ]
16 verbose addNamed [ null, '*' ]
17 silly lockFile d2f5c91d-socket-io socket-io@
18 verbose lock socket-io@ C:\Users\Brent\AppData\Roaming\npm-cache\d2f5c91d-socket-io.lock
19 silly addNameRange { name: 'socket-io', range: '*', hasData: false }
20 verbose request where is /socket-io
21 verbose request registry https://registry.npmjs.org/
22 verbose request id 59458bcc6448d606
23 verbose url raw /socket-io
24 verbose url resolving [ 'https://registry.npmjs.org/', './socket-io' ]
25 verbose url resolved https://registry.npmjs.org/socket-io
26 verbose request where is https://registry.npmjs.org/socket-io
27 info trying registry request attempt 1 at 17:24:59
28 http GET https://registry.npmjs.org/socket-io
29 http 404 https://registry.npmjs.org/socket-io
30 verbose headers { date: 'Thu, 30 Apr 2015 00:25:08 GMT',
30 verbose headers   server: 'CouchDB/1.5.0 (Erlang OTP/R16B03)',
30 verbose headers   'content-type': 'application/json',
30 verbose headers   'cache-control': 'max-age=0',
30 verbose headers   'content-length': '51',
30 verbose headers   'accept-ranges': 'bytes',
30 verbose headers   via: '1.1 varnish',
30 verbose headers   age: '0',
30 verbose headers   'x-served-by': 'cache-sjc3125-SJC',
30 verbose headers   'x-cache': 'MISS',
30 verbose headers   'x-cache-hits': '0',
30 verbose headers   'x-timer': 'S1430353508.547443,VS0,VE91',
30 verbose headers   'keep-alive': 'timeout=10, max=50',
30 verbose headers   connection: 'Keep-Alive' }
31 silly registry.get cb [ 404,
31 silly registry.get   { date: 'Thu, 30 Apr 2015 00:25:08 GMT',
31 silly registry.get     server: 'CouchDB/1.5.0 (Erlang OTP/R16B03)',
31 silly registry.get     'content-type': 'application/json',
31 silly registry.get     'cache-control': 'max-age=0',
31 silly registry.get     'content-length': '51',
31 silly registry.get     'accept-ranges': 'bytes',
31 silly registry.get     via: '1.1 varnish',
31 silly registry.get     age: '0',
31 silly registry.get     'x-served-by': 'cache-sjc3125-SJC',
31 silly registry.get     'x-cache': 'MISS',
31 silly registry.get     'x-cache-hits': '0',
31 silly registry.get     'x-timer': 'S1430353508.547443,VS0,VE91',
31 silly registry.get     'keep-alive': 'timeout=10, max=50',
31 silly registry.get     connection: 'Keep-Alive' } ]
32 silly lockFile d2f5c91d-socket-io socket-io@
33 silly lockFile d2f5c91d-socket-io socket-io@
34 error 404 404 Not Found: socket-io
34 error 404
34 error 404 'socket-io' is not in the npm registry.
34 error 404 You should bug the author to publish it
34 error 404 It was specified as a dependency of 'YouTubeTutorials'
34 error 404
34 error 404 Note that you can also install from a
34 error 404 tarball, folder, or http url, or git url.
35 error System Windows_NT 6.1.7601
36 error command "C:\\Program Files\\nodejs\\\\node.exe" "C:\\Program Files\\nodejs\\node_modules\\npm\\bin\\npm-cli.js" "install" "socket-io" "--save"
37 error cwd C:\Users\Brent\Desktop\Tutorials\Tutorial XX - TBD
38 error node -v v0.10.36
39 error npm -v 1.4.28
40 error code E404
41 verbose exit [ 1, true ]
